<?xml version="1.0" ?><testsuite name="GraphTest" time="0.07" timestamp="2024-05-03T17:37:13" tests="9" failures="0" skipped="0" aborted="0"><properties><property name="ant.library.dir" value="C:\Program Files\JetBrains\IntelliJ IDEA 2023.2.5\lib\ant\lib"></property><property name="doc.report.dir" value="doc/report"></property><property name="java.specification.version" value="17"></property><property name="ant.project.name" value="Lab3"></property><property name="sun.cpu.isalist" value="amd64"></property><property name="sun.jnu.encoding" value="Cp1251"></property><property name="sun.arch.data.model" value="64"></property><property name="src.test.dir" value="src/test/java"></property><property name="native2ascii.resources" value="src/main/resources/native2ascii"></property><property name="java.vendor.url" value="https://java.oracle.com/"></property><property name="sun.boot.library.path" value="C:\Program Files\Java\jdk-17\bin"></property><property name="sun.java.command" value="com.intellij.rt.ant.execution.AntMain2 -logger com.intellij.rt.ant.execution.IdeaAntLogger2 -inputhandler com.intellij.rt.ant.execution.IdeaInputHandler -buildfile C:\Users\leoro\web\web3\build.xml report"></property><property name="scp.dir" value="~/wildfly-30.0.0.Beta1/standalone/deployments/"></property><property name="jdk.debug" value="release"></property><property name="java.specification.vendor" value="Oracle Corporation"></property><property name="java.version.date" value="2023-07-18"></property><property name="java.home" value="C:\Program Files\Java\jdk-17"></property><property name="diff.classes" value="PlotUtil TransactionUtil"></property><property name="basedir" value="C:\Users\leoro\web\web3"></property><property name="file.separator" value="\"></property><property name="alt.regex.flags" value="g"></property><property name="java.vm.compressedOopsMode" value="32-bit"></property><property name="line.separator" value="
"></property><property name="java.specification.name" value="Java Platform API Specification"></property><property name="java.vm.specification.vendor" value="Oracle Corporation"></property><property name="doc.dir" value="doc"></property><property name="svn.executable" value="svn"></property><property name="alt.replace" value="NE_CAKCECFUL"></property><property name="src.main.resources" value="src/main/resources"></property><property name="user.script" value=""></property><property name="build.web-inf" value="build/WEB-INF"></property><property name="sun.management.compiler" value="HotSpot 64-Bit Tiered Compilers"></property><property name="java.runtime.version" value="17.0.8+9-LTS-211"></property><property name="user.name" value="leoro"></property><property name="build.classes.dir" value="build/WEB-INF/classes"></property><property name="music.success.file" value="sounds/success.wav"></property><property name="file.encoding" value="UTF-8"></property><property name="diff.file" value="diff_result.txt"></property><property name="build.dir" value="build"></property><property name="java.io.tmpdir" value="C:\Users\leoro\AppData\Local\Temp\"></property><property name="java.version" value="17.0.8"></property><property name="src.main.dir" value="src/main"></property><property name="java.vm.specification.name" value="Java Virtual Machine Specification"></property><property name="ant.home" value="C:\Program Files\JetBrains\IntelliJ IDEA 2023.2.5\lib\ant"></property><property name="temp.dir" value="../tmp"></property><property name="lib.dir" value="lib"></property><property name="sun.os.patch.level" value=""></property><property name="native.encoding" value="Cp1251"></property><property name="ant.version" value="Apache Ant(TM) version 1.10.12 compiled on October 13 2021"></property><property name="java.library.path" value="C:\Program Files\Java\jdk-17\bin;C:\Windows\Sun\Java\bin;C:\Windows\system32;C:\Windows;C:\Program Files\Common Files\Oracle\Java\javapath;C:\ProgramData\Oracle\Java\javapath;C:\Program Files\Oculus\Support\oculus-runtime;C:\Python39\Scripts\;C:\Python39\;C:\Windows\system32;C:\Windows;C:\Windows\System32\Wbem;C:\Windows\System32\WindowsPowerShell\v1.0\;C:\Windows\System32\OpenSSH\;C:\Program Files (x86)\NVIDIA Corporation\PhysX\Common;C:\Program Files\NVIDIA Corporation\NVIDIA NvDLISR;C:\Program Files\Microsoft SQL Server\120\Tools\Binn\;C:\Program Files\nodejs\;C:\ProgramData\chocolatey\bin;C:\Program Files (x86)\dotnet\;C:\Program Files\dotnet\;C:\Program Files\Git\cmd;C:\Program Files\GitHub CLI\;C:\Users\leoro\AppData\Local\Programs\Python\Python312\Scripts\;C:\Users\leoro\AppData\Local\Programs\Python\Python312\;C:\Users\leoro\AppData\Local\Programs\Python\Launcher\;C:\Users\leoro\AppData\Local\Programs\Python\Python38\Scripts\;C:\Users\leoro\AppData\Local\Programs\Python\Python38\;C:\Users\leoro\AppData\Local\Microsoft\WindowsApps;C:\Program Files\JetBrains\PyCharm Community Edition 2023.3.2\bin;;C:\Users\leoro\AppData\Local\Programs\Microsoft VS Code\bin;C:\Users\leoro\AppData\Roaming\npm;C:\Program Files\nodejs;C:\Users\leoro\.dotnet\tools;C:\Program Files (x86)\Atmel\Flip 3.4.7\bin;C:\Program Files\JetBrains\IntelliJ IDEA Community Edition 2022.2.2\bin;;C:\Program Files\JetBrains\IntelliJ IDEA 2023.2.5\bin;;C:\Program Files\JetBrains\PyCharm 2023.3.2\bin;;C:\Program Files\JetBrains\CLion 2023.3.3\bin;;."></property><property name="java.vendor" value="Oracle Corporation"></property><property name="sun.io.unicode.encoding" value="UnicodeLittle"></property><property name="ant.file.type" value="file"></property><property name="scp.port" value="2222"></property><property name="java.class.path" value="C:\Program Files\Java\jdk-17!\java.base;C:\Program Files\Java\jdk-17!\java.compiler;C:\Program Files\Java\jdk-17!\java.datatransfer;C:\Program Files\Java\jdk-17!\java.desktop;C:\Program Files\Java\jdk-17!\java.instrument;C:\Program Files\Java\jdk-17!\java.logging;C:\Program Files\Java\jdk-17!\java.management;C:\Program Files\Java\jdk-17!\java.management.rmi;C:\Program Files\Java\jdk-17!\java.naming;C:\Program Files\Java\jdk-17!\java.net.http;C:\Program Files\Java\jdk-17!\java.prefs;C:\Program Files\Java\jdk-17!\java.rmi;C:\Program Files\Java\jdk-17!\java.scripting;C:\Program Files\Java\jdk-17!\java.se;C:\Program Files\Java\jdk-17!\java.security.jgss;C:\Program Files\Java\jdk-17!\java.security.sasl;C:\Program Files\Java\jdk-17!\java.smartcardio;C:\Program Files\Java\jdk-17!\java.sql;C:\Program Files\Java\jdk-17!\java.sql.rowset;C:\Program Files\Java\jdk-17!\java.transaction.xa;C:\Program Files\Java\jdk-17!\java.xml;C:\Program Files\Java\jdk-17!\java.xml.crypto;C:\Program Files\Java\jdk-17!\jdk.accessibility;C:\Program Files\Java\jdk-17!\jdk.attach;C:\Program Files\Java\jdk-17!\jdk.charsets;C:\Program Files\Java\jdk-17!\jdk.compiler;C:\Program Files\Java\jdk-17!\jdk.crypto.cryptoki;C:\Program Files\Java\jdk-17!\jdk.crypto.ec;C:\Program Files\Java\jdk-17!\jdk.crypto.mscapi;C:\Program Files\Java\jdk-17!\jdk.dynalink;C:\Program Files\Java\jdk-17!\jdk.editpad;C:\Program Files\Java\jdk-17!\jdk.hotspot.agent;C:\Program Files\Java\jdk-17!\jdk.httpserver;C:\Program Files\Java\jdk-17!\jdk.incubator.foreign;C:\Program Files\Java\jdk-17!\jdk.incubator.vector;C:\Program Files\Java\jdk-17!\jdk.internal.ed;C:\Program Files\Java\jdk-17!\jdk.internal.jvmstat;C:\Program Files\Java\jdk-17!\jdk.internal.le;C:\Program Files\Java\jdk-17!\jdk.internal.opt;C:\Program Files\Java\jdk-17!\jdk.internal.vm.ci;C:\Program Files\Java\jdk-17!\jdk.internal.vm.compiler;C:\Program Files\Java\jdk-17!\jdk.internal.vm.compiler.management;C:\Program Files\Java\jdk-17!\jdk.jartool;C:\Program Files\Java\jdk-17!\jdk.javadoc;C:\Program Files\Java\jdk-17!\jdk.jcmd;C:\Program Files\Java\jdk-17!\jdk.jconsole;C:\Program Files\Java\jdk-17!\jdk.jdeps;C:\Program Files\Java\jdk-17!\jdk.jdi;C:\Program Files\Java\jdk-17!\jdk.jdwp.agent;C:\Program Files\Java\jdk-17!\jdk.jfr;C:\Program Files\Java\jdk-17!\jdk.jlink;C:\Program Files\Java\jdk-17!\jdk.jpackage;C:\Program Files\Java\jdk-17!\jdk.jshell;C:\Program Files\Java\jdk-17!\jdk.jsobject;C:\Program Files\Java\jdk-17!\jdk.jstatd;C:\Program Files\Java\jdk-17!\jdk.localedata;C:\Program Files\Java\jdk-17!\jdk.management;C:\Program Files\Java\jdk-17!\jdk.management.agent;C:\Program Files\Java\jdk-17!\jdk.management.jfr;C:\Program Files\Java\jdk-17!\jdk.naming.dns;C:\Program Files\Java\jdk-17!\jdk.naming.rmi;C:\Program Files\Java\jdk-17!\jdk.net;C:\Program Files\Java\jdk-17!\jdk.nio.mapmode;C:\Program Files\Java\jdk-17!\jdk.random;C:\Program Files\Java\jdk-17!\jdk.sctp;C:\Program Files\Java\jdk-17!\jdk.security.auth;C:\Program Files\Java\jdk-17!\jdk.security.jgss;C:\Program Files\Java\jdk-17!\jdk.unsupported;C:\Program Files\Java\jdk-17!\jdk.unsupported.desktop;C:\Program Files\Java\jdk-17!\jdk.xml.dom;C:\Program Files\Java\jdk-17!\jdk.zipfs;C:\Program Files\Java\jdk-17.0.4.1!\java.base;C:\Program Files\Java\jdk-17.0.4.1!\java.compiler;C:\Program Files\Java\jdk-17.0.4.1!\java.datatransfer;C:\Program Files\Java\jdk-17.0.4.1!\java.desktop;C:\Program Files\Java\jdk-17.0.4.1!\java.instrument;C:\Program Files\Java\jdk-17.0.4.1!\java.logging;C:\Program Files\Java\jdk-17.0.4.1!\java.management;C:\Program Files\Java\jdk-17.0.4.1!\java.management.rmi;C:\Program Files\Java\jdk-17.0.4.1!\java.naming;C:\Program Files\Java\jdk-17.0.4.1!\java.net.http;C:\Program Files\Java\jdk-17.0.4.1!\java.prefs;C:\Program Files\Java\jdk-17.0.4.1!\java.rmi;C:\Program Files\Java\jdk-17.0.4.1!\java.scripting;C:\Program Files\Java\jdk-17.0.4.1!\java.se;C:\Program Files\Java\jdk-17.0.4.1!\java.security.jgss;C:\Program Files\Java\jdk-17.0.4.1!\java.security.sasl;C:\Program Files\Java\jdk-17.0.4.1!\java.smartcardio;C:\Program Files\Java\jdk-17.0.4.1!\java.sql;C:\Program Files\Java\jdk-17.0.4.1!\java.sql.rowset;C:\Program Files\Java\jdk-17.0.4.1!\java.transaction.xa;C:\Program Files\Java\jdk-17.0.4.1!\java.xml;C:\Program Files\Java\jdk-17.0.4.1!\java.xml.crypto;C:\Program Files\Java\jdk-17.0.4.1!\jdk.accessibility;C:\Program Files\Java\jdk-17.0.4.1!\jdk.attach;C:\Program Files\Java\jdk-17.0.4.1!\jdk.charsets;C:\Program Files\Java\jdk-17.0.4.1!\jdk.compiler;C:\Program Files\Java\jdk-17.0.4.1!\jdk.crypto.cryptoki;C:\Program Files\Java\jdk-17.0.4.1!\jdk.crypto.ec;C:\Program Files\Java\jdk-17.0.4.1!\jdk.crypto.mscapi;C:\Program Files\Java\jdk-17.0.4.1!\jdk.dynalink;C:\Program Files\Java\jdk-17.0.4.1!\jdk.editpad;C:\Program Files\Java\jdk-17.0.4.1!\jdk.hotspot.agent;C:\Program Files\Java\jdk-17.0.4.1!\jdk.httpserver;C:\Program Files\Java\jdk-17.0.4.1!\jdk.incubator.foreign;C:\Program Files\Java\jdk-17.0.4.1!\jdk.incubator.vector;C:\Program Files\Java\jdk-17.0.4.1!\jdk.internal.ed;C:\Program Files\Java\jdk-17.0.4.1!\jdk.internal.jvmstat;C:\Program Files\Java\jdk-17.0.4.1!\jdk.internal.le;C:\Program Files\Java\jdk-17.0.4.1!\jdk.internal.opt;C:\Program Files\Java\jdk-17.0.4.1!\jdk.internal.vm.ci;C:\Program Files\Java\jdk-17.0.4.1!\jdk.internal.vm.compiler;C:\Program Files\Java\jdk-17.0.4.1!\jdk.internal.vm.compiler.management;C:\Program Files\Java\jdk-17.0.4.1!\jdk.jartool;C:\Program Files\Java\jdk-17.0.4.1!\jdk.javadoc;C:\Program Files\Java\jdk-17.0.4.1!\jdk.jcmd;C:\Program Files\Java\jdk-17.0.4.1!\jdk.jconsole;C:\Program Files\Java\jdk-17.0.4.1!\jdk.jdeps;C:\Program Files\Java\jdk-17.0.4.1!\jdk.jdi;C:\Program Files\Java\jdk-17.0.4.1!\jdk.jdwp.agent;C:\Program Files\Java\jdk-17.0.4.1!\jdk.jfr;C:\Program Files\Java\jdk-17.0.4.1!\jdk.jlink;C:\Program Files\Java\jdk-17.0.4.1!\jdk.jpackage;C:\Program Files\Java\jdk-17.0.4.1!\jdk.jshell;C:\Program Files\Java\jdk-17.0.4.1!\jdk.jsobject;C:\Program Files\Java\jdk-17.0.4.1!\jdk.jstatd;C:\Program Files\Java\jdk-17.0.4.1!\jdk.localedata;C:\Program Files\Java\jdk-17.0.4.1!\jdk.management;C:\Program Files\Java\jdk-17.0.4.1!\jdk.management.agent;C:\Program Files\Java\jdk-17.0.4.1!\jdk.management.jfr;C:\Program Files\Java\jdk-17.0.4.1!\jdk.naming.dns;C:\Program Files\Java\jdk-17.0.4.1!\jdk.naming.rmi;C:\Program Files\Java\jdk-17.0.4.1!\jdk.net;C:\Program Files\Java\jdk-17.0.4.1!\jdk.nio.mapmode;C:\Program Files\Java\jdk-17.0.4.1!\jdk.random;C:\Program Files\Java\jdk-17.0.4.1!\jdk.sctp;C:\Program Files\Java\jdk-17.0.4.1!\jdk.security.auth;C:\Program Files\Java\jdk-17.0.4.1!\jdk.security.jgss;C:\Program Files\Java\jdk-17.0.4.1!\jdk.unsupported;C:\Program Files\Java\jdk-17.0.4.1!\jdk.unsupported.desktop;C:\Program Files\Java\jdk-17.0.4.1!\jdk.xml.dom;C:\Program Files\Java\jdk-17.0.4.1!\jdk.zipfs;C:\Program Files\JetBrains\IntelliJ IDEA 2023.2.5\lib\ant\lib\ant.jar;C:\Program Files\JetBrains\IntelliJ IDEA 2023.2.5\lib\idea_rt.jar"></property><property name="java.vm.vendor" value="Oracle Corporation"></property><property name="ant-contrib.jar" value="C:\Users\leoro\web\web3\lib\main\ant-contrib-1.0b3.jar"></property><property name="user.variant" value=""></property><property name="os.name" value="Windows 10"></property><property name="java.vm.specification.version" value="17"></property><property name="srcdir" value="src/main"></property><property name="env.script" value="~/wildfly-30.0.0.Beta1/bin/standalone.sh"></property><property name="user.country" value="RU"></property><property name="sun.java.launcher" value="SUN_STANDARD"></property><property name="test.dir" value="tests"></property><property name="sun.cpu.endian" value="little"></property><property name="user.home" value="C:\Users\leoro"></property><property name="user.language" value="ru"></property><property name="src.main.web" value="src/main/webapp"></property><property name="ant.java.version" value="17"></property><property name="output.zip" value="output.zip"></property><property name="lib.main.dir" value="lib/main"></property><property name="build.web-inf.lib" value="build/WEB-INF/lib"></property><property name="scp.host" value="se.ifmo.ru"></property><property name="test.report.dir" value="tests"></property><property name="ant.file.Lab3" value="C:\Users\leoro\web\web3\build.xml"></property><property name="lib.test.dir" value="lib/test"></property><property name="ant.file" value="C:\Users\leoro\web\web3\build.xml"></property><property name="path.separator" value=";"></property><property name="os.version" value="10.0"></property><property name="java.runtime.name" value="Java(TM) SE Runtime Environment"></property><property name="scp.user" value="s367672"></property><property name="ant.project.invoked-targets" value="report"></property><property name="java.vm.name" value="Java HotSpot(TM) 64-Bit Server VM"></property><property name="ant.core.lib" value="C:\Program Files\JetBrains\IntelliJ IDEA 2023.2.5\lib\ant\lib\ant.jar"></property><property name="java.vendor.url.bug" value="https://bugreport.java.com/bugreport/"></property><property name="user.dir" value="C:\Users\leoro\web\web3"></property><property name="os.arch" value="amd64"></property><property name="war" value="build/Lab3.war"></property><property name="music.fail.file" value="sounds/fail.wav"></property><property name="java.vm.info" value="mixed mode, sharing"></property><property name="java.vm.version" value="17.0.8+9-LTS-211"></property><property name="alt.regex" value="successful"></property><property name="ant.file.type.Lab3" value="file"></property><property name="java.class.version" value="61.0"></property><property name="revision.file" value="last_successful_revision.txt"></property><property name="src.dir" value="src"></property><property name="ant.project.default-target" value="build"></property></properties><testcase classname="GraphTest" name="checkIfOnRect()" time="0.001"></testcase><testcase classname="GraphTest" name="checkIfOnTriangleEdge()" time="0.0"></testcase><testcase classname="GraphTest" name="checkIfOnSectorEdge()" time="0.0"></testcase><testcase classname="GraphTest" name="checkIfNotOnRect()" time="0.0"></testcase><testcase classname="GraphTest" name="checkIfOnTriangle()" time="0.001"></testcase><testcase classname="GraphTest" name="checkIfNotOnSector()" time="0.0"></testcase><testcase classname="GraphTest" name="checkIfOnRectEdge()" time="0.001"></testcase><testcase classname="GraphTest" name="checkIfNotOnTriangle()" time="0.015"></testcase><testcase classname="GraphTest" name="checkIfOnSector()" time="0.0"></testcase></testsuite>